─ Session info ────────────────────────────────────────────────────────────────────────────────────────────────────────────────────────
 setting  value
 version  R version 4.5.1 (2025-06-13)
 os       macOS Sequoia 15.6.1
 system   aarch64, darwin20
 ui       RStudio
 language (EN)
 collate  en_US.UTF-8
 ctype    en_US.UTF-8
 tz       Europe/Brussels
 date     2026-01-09
 rstudio  2025.05.1+513 Mariposa Orchid (desktop)
 pandoc   NA
 quarto   1.6.42 @ /Applications/RStudio.app/Contents/Resources/app/quarto/bin/quarto

─ Packages ────────────────────────────────────────────────────────────────────────────────────────────────────────────────────────────
 package      * version date (UTC) lib source
 ape            5.8-1   2024-12-16 [1] CRAN (R 4.5.0)
 bit            4.6.0   2025-03-06 [1] CRAN (R 4.5.0)
 bit64          4.6.0-1 2025-01-16 [1] CRAN (R 4.5.0)
 cli            3.6.5   2025-04-23 [1] CRAN (R 4.5.0)
 commonmark     2.0.0   2025-07-07 [1] CRAN (R 4.5.0)
 cowplot        1.2.0   2025-07-07 [1] CRAN (R 4.5.0)
 crayon         1.5.3   2024-06-20 [1] CRAN (R 4.5.0)
 digest         0.6.37  2024-08-19 [1] CRAN (R 4.5.0)
 dplyr        * 1.1.4   2023-11-17 [1] CRAN (R 4.5.0)
 expint       * 0.1-8   2022-10-28 [1] CRAN (R 4.5.0)
 farver         2.1.2   2024-05-13 [1] CRAN (R 4.5.0)
 forcats      * 1.0.1   2025-09-25 [1] CRAN (R 4.5.0)
 generics       0.1.4   2025-05-09 [1] CRAN (R 4.5.0)
 ggmuller     * 0.5.6   2023-02-12 [1] CRAN (R 4.5.0)
 ggplot2      * 4.0.0   2025-09-11 [1] CRAN (R 4.5.0)
 ggtext       * 0.1.2   2022-09-16 [1] CRAN (R 4.5.0)
 glue           1.8.0   2024-09-30 [1] CRAN (R 4.5.0)
 gridtext       0.1.5   2022-09-16 [1] CRAN (R 4.5.0)
 gtable         0.3.6   2024-10-25 [1] CRAN (R 4.5.0)
 hms            1.1.4   2025-10-17 [1] CRAN (R 4.5.0)
 labeling       0.4.3   2023-08-29 [1] CRAN (R 4.5.0)
 lattice        0.22-7  2025-04-02 [1] CRAN (R 4.5.1)
 lifecycle      1.0.4   2023-11-07 [1] CRAN (R 4.5.0)
 litedown       0.8     2025-11-02 [1] CRAN (R 4.5.0)
 lubridate    * 1.9.4   2024-12-08 [1] CRAN (R 4.5.0)
 magrittr       2.0.4   2025-09-12 [1] CRAN (R 4.5.0)
 markdown       2.0     2025-03-23 [1] CRAN (R 4.5.0)
 nlme           3.1-168 2025-03-31 [1] CRAN (R 4.5.1)
 pillar         1.11.1  2025-09-17 [1] CRAN (R 4.5.0)
 pkgconfig      2.0.3   2019-09-22 [1] CRAN (R 4.5.0)
 pracma       * 2.4.6   2025-10-22 [1] CRAN (R 4.5.0)
 purrr        * 1.1.0   2025-07-10 [1] CRAN (R 4.5.0)
 R6             2.6.1   2025-02-15 [1] CRAN (R 4.5.0)
 ragg           1.5.0   2025-09-02 [1] CRAN (R 4.5.0)
 RColorBrewer * 1.1-3   2022-04-03 [1] CRAN (R 4.5.0)
 Rcpp           1.1.0   2025-07-02 [1] CRAN (R 4.5.0)
 readr        * 2.1.5   2024-01-10 [1] CRAN (R 4.5.0)
 rlang          1.1.6   2025-04-11 [1] CRAN (R 4.5.0)
 rstudioapi     0.17.1  2024-10-22 [1] CRAN (R 4.5.0)
 S7             0.2.0   2024-11-07 [1] CRAN (R 4.5.0)
 scales         1.4.0   2025-04-24 [1] CRAN (R 4.5.0)
 sessioninfo  * 1.2.3   2025-02-05 [1] CRAN (R 4.5.0)
 stringi        1.8.7   2025-03-27 [1] CRAN (R 4.5.0)
 stringr      * 1.5.2   2025-09-08 [1] CRAN (R 4.5.0)
 svglite        2.2.2   2025-10-21 [1] CRAN (R 4.5.0)
 systemfonts    1.3.1   2025-10-01 [1] CRAN (R 4.5.0)
 textshaping    1.0.4   2025-10-10 [1] CRAN (R 4.5.0)
 tibble       * 3.3.0   2025-06-08 [1] CRAN (R 4.5.0)
 tidyr        * 1.3.1   2024-01-24 [1] CRAN (R 4.5.0)
 tidyselect     1.2.1   2024-03-11 [1] CRAN (R 4.5.0)
 tidyverse    * 2.0.0   2023-02-22 [1] CRAN (R 4.5.0)
 timechange     0.3.0   2024-01-18 [1] CRAN (R 4.5.0)
 tzdb           0.5.0   2025-03-15 [1] CRAN (R 4.5.0)
 vctrs          0.6.5   2023-12-01 [1] CRAN (R 4.5.0)
 vroom          1.6.6   2025-09-19 [1] CRAN (R 4.5.0)
 withr          3.0.2   2024-10-28 [1] CRAN (R 4.5.0)
 xfun           0.54    2025-10-30 [1] CRAN (R 4.5.0)
 xml2           1.4.1   2025-10-27 [1] CRAN (R 4.5.0)

 [1] /Library/Frameworks/R.framework/Versions/4.5-arm64/Resources/library
 * ── Packages attached to the search path.

───────────────────────────────────────────────────────────────────────────────────────────────────────────────────────────────────────
